# JRE version: OpenJDK Runtime Environment (17.0.6) (build 17.0.6+0-b2043.56-10027231)
# Java VM: OpenJDK 64-Bit Server VM (17.0.6+0-b2043.56-10027231, mixed mode, tiered, compressed oops, compressed class ptrs, g1 gc, windows-amd64)
GC Precious Log:
 CPUs: 8 total, 8 available
 Memory: 16187M
 Large Page Support: Disabled
 NUMA Support: Disabled
 Compressed Oops: Enabled (32-bit)
 Heap Region Size: 1M
 Heap Min Capacity: 8M
 Heap Initial Capacity: 254M
 Heap Max Capacity: 2G
 Pre-touch: Disabled
 Parallel Workers: 8
 Concurrent Workers: 2
 Concurrent Refinement Workers: 8
 Periodic GC: Disabled
Heap:
 garbage-first heap   total 440320K, used 313573K [0x0000000080000000, 0x0000000100000000)
  region size 1024K, 96 young (98304K), 3 survivors (3072K)
 Metaspace       used 115661K, committed 116544K, reserved 1155072K
  class space    used 15590K, committed 16000K, reserved 1048576K
GC Heap History (20 events):
Event: 95.972 GC heap before
{Heap before GC invocations=52 (full 0):
 garbage-first heap   total 220160K, used 188709K [0x0000000080000000, 0x0000000100000000)
  region size 1024K, 80 young (81920K), 1 survivors (1024K)
 Metaspace       used 110573K, committed 111360K, reserved 1146880K
  class space    used 14980K, committed 15360K, reserved 1048576K
}
Event: 95.975 GC heap after
{Heap after GC invocations=53 (full 0):
 garbage-first heap   total 220160K, used 108041K [0x0000000080000000, 0x0000000100000000)
  region size 1024K, 2 young (2048K), 2 survivors (2048K)
 Metaspace       used 110573K, committed 111360K, reserved 1146880K
  class space    used 14980K, committed 15360K, reserved 1048576K
}
Event: 96.066 GC heap before
{Heap before GC invocations=53 (full 0):
 garbage-first heap   total 220160K, used 116233K [0x0000000080000000, 0x0000000100000000)
  region size 1024K, 10 young (10240K), 2 survivors (2048K)
 Metaspace       used 110573K, committed 111360K, reserved 1146880K
  class space    used 14980K, committed 15360K, reserved 1048576K
}
Event: 96.091 GC heap after
{Heap after GC invocations=54 (full 0):
 garbage-first heap   total 220160K, used 97247K [0x0000000080000000, 0x0000000100000000)
  region size 1024K, 2 young (2048K), 2 survivors (2048K)
 Metaspace       used 110573K, committed 111360K, reserved 1146880K
  class space    used 14980K, committed 15360K, reserved 1048576K
}
Event: 96.791 GC heap before
{Heap before GC invocations=54 (full 0):
 garbage-first heap   total 220160K, used 189407K [0x0000000080000000, 0x0000000100000000)
  region size 1024K, 92 young (94208K), 2 survivors (2048K)
 Metaspace       used 110573K, committed 111360K, reserved 1146880K
  class space    used 14980K, committed 15360K, reserved 1048576K
}
Event: 96.794 GC heap after
{Heap after GC invocations=55 (full 0):
 garbage-first heap   total 220160K, used 97481K [0x0000000080000000, 0x0000000100000000)
  region size 1024K, 2 young (2048K), 2 survivors (2048K)
 Metaspace       used 110573K, committed 111360K, reserved 1146880K
  class space    used 14980K, committed 15360K, reserved 1048576K
}
Event: 98.143 GC heap before
{Heap before GC invocations=55 (full 0):
 garbage-first heap   total 220160K, used 185545K [0x0000000080000000, 0x0000000100000000)
  region size 1024K, 81 young (82944K), 2 survivors (2048K)
 Metaspace       used 112773K, committed 113600K, reserved 1146880K
  class space    used 15285K, committed 15680K, reserved 1048576K
}
Event: 98.147 GC heap after
{Heap after GC invocations=56 (full 0):
 garbage-first heap   total 220160K, used 108606K [0x0000000080000000, 0x0000000100000000)
  region size 1024K, 5 young (5120K), 5 survivors (5120K)
 Metaspace       used 112773K, committed 113600K, reserved 1146880K
  class space    used 15285K, committed 15680K, reserved 1048576K
}
Event: 98.211 GC heap before
{Heap before GC invocations=56 (full 0):
 garbage-first heap   total 220160K, used 121918K [0x0000000080000000, 0x0000000100000000)
  region size 1024K, 10 young (10240K), 5 survivors (5120K)
 Metaspace       used 113157K, committed 113984K, reserved 1155072K
  class space    used 15348K, committed 15744K, reserved 1048576K
}
Event: 98.215 GC heap after
{Heap after GC invocations=57 (full 0):
 garbage-first heap   total 220160K, used 116452K [0x0000000080000000, 0x0000000100000000)
  region size 1024K, 6 young (6144K), 6 survivors (6144K)
 Metaspace       used 113157K, committed 113984K, reserved 1155072K
  class space    used 15348K, committed 15744K, reserved 1048576K
}
Event: 98.550 GC heap before
{Heap before GC invocations=57 (full 0):
 garbage-first heap   total 220160K, used 183012K [0x0000000080000000, 0x0000000100000000)
  region size 1024K, 50 young (51200K), 6 survivors (6144K)
 Metaspace       used 113247K, committed 114112K, reserved 1155072K
  class space    used 15353K, committed 15744K, reserved 1048576K
}
Event: 98.565 GC heap after
{Heap after GC invocations=58 (full 0):
 garbage-first heap   total 440320K, used 140570K [0x0000000080000000, 0x0000000100000000)
  region size 1024K, 7 young (7168K), 7 survivors (7168K)
 Metaspace       used 113247K, committed 114112K, reserved 1155072K
  class space    used 15353K, committed 15744K, reserved 1048576K
}
Event: 99.467 GC heap before
{Heap before GC invocations=58 (full 0):
 garbage-first heap   total 440320K, used 279834K [0x0000000080000000, 0x0000000100000000)
  region size 1024K, 143 young (146432K), 7 survivors (7168K)
 Metaspace       used 114347K, committed 115136K, reserved 1155072K
  class space    used 15510K, committed 15872K, reserved 1048576K
}
Event: 99.530 GC heap after
{Heap after GC invocations=59 (full 0):
 garbage-first heap   total 440320K, used 197164K [0x0000000080000000, 0x0000000100000000)
  region size 1024K, 18 young (18432K), 18 survivors (18432K)
 Metaspace       used 114347K, committed 115136K, reserved 1155072K
  class space    used 15510K, committed 15872K, reserved 1048576K
}
Event: 100.868 GC heap before
{Heap before GC invocations=59 (full 0):
 garbage-first heap   total 440320K, used 307756K [0x0000000080000000, 0x0000000100000000)
  region size 1024K, 116 young (118784K), 18 survivors (18432K)
 Metaspace       used 114536K, committed 115328K, reserved 1155072K
  class space    used 15525K, committed 15936K, reserved 1048576K
}
Event: 100.927 GC heap after
{Heap after GC invocations=60 (full 0):
 garbage-first heap   total 440320K, used 218979K [0x0000000080000000, 0x0000000100000000)
  region size 1024K, 8 young (8192K), 8 survivors (8192K)
 Metaspace       used 114536K, committed 115328K, reserved 1155072K
  class space    used 15525K, committed 15936K, reserved 1048576K
}
Event: 101.978 GC heap before
{Heap before GC invocations=60 (full 0):
 garbage-first heap   total 440320K, used 338787K [0x0000000080000000, 0x0000000100000000)
  region size 1024K, 105 young (107520K), 8 survivors (8192K)
 Metaspace       used 114711K, committed 115584K, reserved 1155072K
  class space    used 15532K, committed 15936K, reserved 1048576K
}
Event: 101.998 GC heap after
{Heap after GC invocations=61 (full 0):
 garbage-first heap   total 440320K, used 245824K [0x0000000080000000, 0x0000000100000000)
  region size 1024K, 14 young (14336K), 14 survivors (14336K)
 Metaspace       used 114711K, committed 115584K, reserved 1155072K
  class space    used 15532K, committed 15936K, reserved 1048576K
}
Event: 109.811 GC heap before
{Heap before GC invocations=61 (full 0):
 garbage-first heap   total 440320K, used 356416K [0x0000000080000000, 0x0000000100000000)
  region size 1024K, 104 young (106496K), 14 survivors (14336K)
 Metaspace       used 115007K, committed 115840K, reserved 1155072K
  class space    used 15551K, committed 15936K, reserved 1048576K
}
Event: 109.826 GC heap after
{Heap after GC invocations=62 (full 0):
 garbage-first heap   total 440320K, used 219365K [0x0000000080000000, 0x0000000100000000)
  region size 1024K, 3 young (3072K), 3 survivors (3072K)
 Metaspace       used 115007K, committed 115840K, reserved 1155072K
  class space    used 15551K, committed 15936K, reserved 1048576K
}

